{
  "RSpec": {
    "coverage": {
      "/home/alexis/projects/makers/weeks/week_10/bank_test/spec/transaction_spec.rb": {
        "lines": [
          null,
          null,
          1,
          null,
          1,
          1,
          1,
          1,
          1,
          1,
          1,
          1,
          null,
          null
        ]
      },
      "/home/alexis/projects/makers/weeks/week_10/bank_test/lib/transaction.rb": {
        "lines": [
          null,
          null,
          1,
          null,
          1,
          1,
          null,
          1,
          4,
          4,
          4,
          4,
          4,
          null,
          null,
          1,
          2,
          null,
          2,
          null,
          null,
          null,
          1,
          1,
          1,
          2,
          null,
          null,
          null,
          null
        ]
      }
    },
    "timestamp": 1599506624
  }
}
